mode: set
github.com/Station-Manager/adapters/adapter.go:24.21,28.2 1 1
github.com/Station-Manager/adapters/adapter.go:32.73,36.2 3 1
github.com/Station-Manager/adapters/adapter.go:45.53,46.30 1 1
github.com/Station-Manager/adapters/adapter.go:46.30,48.3 1 1
github.com/Station-Manager/adapters/adapter.go:50.2,53.66 3 1
github.com/Station-Manager/adapters/adapter.go:53.66,55.3 1 1
github.com/Station-Manager/adapters/adapter.go:57.2,60.72 3 1
github.com/Station-Manager/adapters/adapter.go:60.72,62.3 1 1
github.com/Station-Manager/adapters/adapter.go:64.2,64.38 1 1
github.com/Station-Manager/adapters/adapter.go:68.67,79.42 5 1
github.com/Station-Manager/adapters/adapter.go:79.42,84.25 3 1
github.com/Station-Manager/adapters/adapter.go:84.25,85.12 1 0
github.com/Station-Manager/adapters/adapter.go:89.3,89.44 1 1
github.com/Station-Manager/adapters/adapter.go:89.44,90.12 1 1
github.com/Station-Manager/adapters/adapter.go:94.3,95.26 2 1
github.com/Station-Manager/adapters/adapter.go:95.26,96.12 1 1
github.com/Station-Manager/adapters/adapter.go:99.3,100.13 2 1
github.com/Station-Manager/adapters/adapter.go:100.13,101.12 1 0
github.com/Station-Manager/adapters/adapter.go:105.3,105.96 1 1
github.com/Station-Manager/adapters/adapter.go:105.96,107.12 2 0
github.com/Station-Manager/adapters/adapter.go:111.3,111.77 1 1
github.com/Station-Manager/adapters/adapter.go:111.77,113.4 1 1
github.com/Station-Manager/adapters/adapter.go:115.3,116.41 2 1
github.com/Station-Manager/adapters/adapter.go:120.2,121.33 2 1
github.com/Station-Manager/adapters/adapter.go:121.33,123.73 2 1
github.com/Station-Manager/adapters/adapter.go:123.73,124.102 1 1
github.com/Station-Manager/adapters/adapter.go:124.102,126.5 1 1
github.com/Station-Manager/adapters/adapter.go:127.4,127.47 1 1
github.com/Station-Manager/adapters/adapter.go:132.2,133.63 2 1
github.com/Station-Manager/adapters/adapter.go:133.63,135.73 2 1
github.com/Station-Manager/adapters/adapter.go:135.73,138.44 2 1
github.com/Station-Manager/adapters/adapter.go:138.44,140.34 2 1
github.com/Station-Manager/adapters/adapter.go:140.34,141.14 1 0
github.com/Station-Manager/adapters/adapter.go:143.5,143.46 1 1
github.com/Station-Manager/adapters/adapter.go:143.46,144.14 1 1
github.com/Station-Manager/adapters/adapter.go:146.5,146.41 1 1
github.com/Station-Manager/adapters/adapter.go:146.41,148.11 2 0
github.com/Station-Manager/adapters/adapter.go:152.4,152.23 1 1
github.com/Station-Manager/adapters/adapter.go:152.23,153.108 1 1
github.com/Station-Manager/adapters/adapter.go:153.108,155.6 1 0
github.com/Station-Manager/adapters/adapter.go:160.2,160.12 1 1
github.com/Station-Manager/adapters/adapter.go:164.88,173.12 6 1
github.com/Station-Manager/adapters/adapter.go:173.12,176.17 2 1
github.com/Station-Manager/adapters/adapter.go:176.17,178.4 1 1
github.com/Station-Manager/adapters/adapter.go:179.3,180.49 2 1
github.com/Station-Manager/adapters/adapter.go:180.49,182.4 1 1
github.com/Station-Manager/adapters/adapter.go:183.3,184.13 2 1
github.com/Station-Manager/adapters/adapter.go:188.2,188.24 1 1
github.com/Station-Manager/adapters/adapter.go:188.24,191.3 2 1
github.com/Station-Manager/adapters/adapter.go:194.2,194.35 1 1
github.com/Station-Manager/adapters/adapter.go:194.35,197.3 2 0
github.com/Station-Manager/adapters/adapter.go:200.2,200.36 1 1
github.com/Station-Manager/adapters/adapter.go:200.36,203.3 2 1
github.com/Station-Manager/adapters/adapter.go:206.2,206.12 1 1
github.com/Station-Manager/adapters/adapter.go:210.156,213.28 2 1
github.com/Station-Manager/adapters/adapter.go:213.28,215.3 1 1
github.com/Station-Manager/adapters/adapter.go:218.2,222.68 3 1
github.com/Station-Manager/adapters/adapter.go:222.68,224.3 1 1
github.com/Station-Manager/adapters/adapter.go:227.2,227.52 1 1
github.com/Station-Manager/adapters/adapter.go:227.52,229.30 1 1
github.com/Station-Manager/adapters/adapter.go:229.30,230.12 1 1
github.com/Station-Manager/adapters/adapter.go:233.3,234.48 2 1
github.com/Station-Manager/adapters/adapter.go:234.48,235.12 1 0
github.com/Station-Manager/adapters/adapter.go:239.3,243.13 4 1
github.com/Station-Manager/adapters/adapter.go:243.13,246.60 2 1
github.com/Station-Manager/adapters/adapter.go:246.60,247.13 1 0
github.com/Station-Manager/adapters/adapter.go:251.4,252.18 2 1
github.com/Station-Manager/adapters/adapter.go:252.18,253.13 1 1
github.com/Station-Manager/adapters/adapter.go:255.4,256.57 2 1
github.com/Station-Manager/adapters/adapter.go:256.57,259.5 2 1
github.com/Station-Manager/adapters/adapter.go:260.9,263.73 2 1
github.com/Station-Manager/adapters/adapter.go:263.73,264.13 1 0
github.com/Station-Manager/adapters/adapter.go:267.4,268.34 2 1
github.com/Station-Manager/adapters/adapter.go:272.2,272.12 1 1
github.com/Station-Manager/adapters/adapter.go:276.161,279.42 2 1
github.com/Station-Manager/adapters/adapter.go:279.42,284.31 3 1
github.com/Station-Manager/adapters/adapter.go:284.31,285.12 1 0
github.com/Station-Manager/adapters/adapter.go:289.3,289.44 1 1
github.com/Station-Manager/adapters/adapter.go:289.44,290.12 1 1
github.com/Station-Manager/adapters/adapter.go:294.3,294.44 1 1
github.com/Station-Manager/adapters/adapter.go:294.44,295.12 1 0
github.com/Station-Manager/adapters/adapter.go:298.3,298.60 1 1
github.com/Station-Manager/adapters/adapter.go:302.2,302.31 1 1
github.com/Station-Manager/adapters/adapter.go:302.31,305.3 2 1
github.com/Station-Manager/adapters/adapter.go:308.2,309.16 2 1
github.com/Station-Manager/adapters/adapter.go:309.16,311.3 1 0
github.com/Station-Manager/adapters/adapter.go:314.2,317.12 3 1
